
 -----------------------------------------------
      Restrained ESP Fit 2.3  Amber 4.1
 -----------------------------------------------
 single stage fitting                                                            
 -----------------------------------------------


 inopt       =     0   ioutopt     =     1
 nmol        =     1   iqopt       =     0
 ihfree      =     0   irstrnt     =     1
 iunits      =      0   qwt         =   0.00010000
 wtmol(1) =     1.000000
 subtitle:

Comments Go Here                                                                
ich =   0  iuniq =  19
     1     6     0
     2     1    -1
     3     1    -1
     4     6     0
     5     1    -1
     6     1    -1
     7     6     0
     8     1    -1
     9     1    -1
    10     6     0
    11     1    -1
    12     1    -1
    13     6     0
    14     1    -1
    15     6     0
    16     1    -1
    17     1    -1
    18     1    -1
    19     8     0

  ----------------------------------------------------------------------------
     ATOM                       COORDINATES                         CHARGE
                       X             Y                Z
  ----------------------------------------------------------------------------
  ----------------------------------------------------------------------------


 Charge on the molecule(ich) =    0
 Total number of atoms (iuniq)     =   19
 Weight factor on initial charge restraints(qwt)=     0.10000E-03


  there are  1 charge constraints:


      1       1
      2       1
      3       1
      4       1
      5       1
      6       1
      7       1
      8       1
      9       1
     10       1
     11       1
     12       1
     13       1
     14       1
     15       1
     16       1
     17       1
     18       1
     19       1

 Reading esp"s for molecule   1
 total number of atoms      =     19
 total number of esp points =  11715


 center     X       Y       Z 
    1   0.1879780E+01  -0.2430530E+01   0.3476320E+00
    2   0.2517250E+01  -0.4193090E+01  -0.4681590E+00
    3   0.2004870E+01  -0.2603410E+01   0.2398080E+01
    4   0.3487080E+01  -0.2220070E+00  -0.5564030E+00
    5   0.3535810E+01  -0.2347680E+00  -0.2609270E+01
    6   0.5415520E+01  -0.4543540E+00   0.1069070E+00
    7   0.2364180E+01   0.2271560E+01   0.3799120E+00
    8   0.3367830E+01   0.3867140E+01  -0.4272200E+00
    9   0.2593100E+01   0.2398200E+01   0.2420090E+01
   10  -0.4486610E+00   0.2403520E+01  -0.2800560E+00
   11  -0.6762520E+00   0.2568710E+01  -0.2315630E+01
   12  -0.1313430E+01   0.4059080E+01   0.5703870E+00
   13  -0.1826350E+01   0.2827790E-01   0.6086770E+00
   14  -0.1733200E+01  -0.5234350E-01   0.2668930E+01
   15  -0.4576010E+01  -0.4774580E-01  -0.1991600E+00
   16  -0.5470680E+01  -0.1759830E+01   0.4788750E+00
   17  -0.5592170E+01   0.1564810E+01   0.5572010E+00
   18  -0.4721770E+01  -0.1160480E-01  -0.2242960E+01
   19  -0.6508780E+00  -0.2145880E+01  -0.3676070E+00
 Initial ssvpot =     0.945


 Number of unique UNfrozen centers=     7

 Non-linear optimization requested.
 qchnge =    0.2687416978E-01
 qchnge =    0.4111985839E-05
 qchnge =    0.9224309572E-09

 Convergence in     2 iterations


Comments Go Here                                                                

          Point Charges Before & After Optimization

    no.  At.no.    q(init)       q(opt)     ivary    d(rstr)/dq
    1   6       0.000000       0.194072      0       0.000458
    2   1       0.000000       0.000000     -1       0.001000
    3   1       0.000000       0.000000     -1       0.001000
    4   6       0.000000       0.030498      0       0.000957
    5   1       0.000000       0.000000     -1       0.001000
    6   1       0.000000       0.000000     -1       0.001000
    7   6       0.000000      -0.031190      0       0.000955
    8   1       0.000000       0.000000     -1       0.001000
    9   1       0.000000       0.000000     -1       0.001000
   10   6       0.000000       0.029934      0       0.000958
   11   1       0.000000       0.000000     -1       0.001000
   12   1       0.000000       0.000000     -1       0.001000
   13   6       0.000000       0.204164      0       0.000440
   14   1       0.000000       0.000000     -1       0.001000
   15   6       0.000000      -0.005002      0       0.000999
   16   1       0.000000       0.000000     -1       0.001000
   17   1       0.000000       0.000000     -1       0.001000
   18   1       0.000000       0.000000     -1       0.001000
   19   8       0.000000      -0.422475      0       0.000230

 Sum over the calculated charges:      0.000

        Statistics of the fitting:
  The initial sum of squares (ssvpot)                      0.945
  The residual sum of squares (chipot)                     0.065
  The std err of estimate (sqrt(chipot/N))               0.00236
  ESP relative RMS (SQRT(chipot/ssvpot))                 0.26305

 Center of Mass (Angst.):

 X  =   0.00000      Y  =   0.00000      Z  =   0.00000

 Dipole (Debye):

 X  =   0.78538      Y  =   1.10623      Z  =   0.79007

 Dipole Moment (Debye)=   1.56996

 Quadrupole (Debye*Angst.):

 Qxx =   4.44856     QYY =  -3.90772     QZZ =  -0.54084
 Qxy =  -7.64623     QXZ =  -1.90593     QYZ =  -2.90610
